Flow report for mips
Wed Jul 12 15:56:18 2023
Quartus Prime Version 19.1.0 Build 670 09/22/2019 SJ Lite Edition


---------------------
; Table of Contents ;
---------------------
  1. Legal Notice
  2. Flow Summary
  3. Flow Settings
  4. Flow Non-Default Global Settings
  5. Flow Elapsed Time
  6. Flow OS Summary
  7. Flow Log
  8. Flow Messages
  9. Flow Suppressed Messages



----------------
; Legal Notice ;
----------------
Copyright (C) 2019  Intel Corporation. All rights reserved.
Your use of Intel Corporation's design tools, logic functions 
and other software and tools, and any partner logic 
functions, and any output files from any of the foregoing 
(including device programming or simulation files), and any 
associated documentation or information are expressly subject 
to the terms and conditions of the Intel Program License 
Subscription Agreement, the Intel Quartus Prime License Agreement,
the Intel FPGA IP License Agreement, or other applicable license
agreement, including, without limitation, that your use is for
the sole purpose of programming logic devices manufactured by
Intel and sold by Intel or its authorized distributors.  Please
refer to the applicable agreement for further details, at
https://fpgasoftware.intel.com/eula.



+----------------------------------------------------------------------------------+
; Flow Summary                                                                     ;
+------------------------------------+---------------------------------------------+
; Flow Status                        ; Successful - Wed Jul 12 15:56:18 2023       ;
; Quartus Prime Version              ; 19.1.0 Build 670 09/22/2019 SJ Lite Edition ;
; Revision Name                      ; mips                                        ;
; Top-level Entity Name              ; UnidadedeProcessamento                      ;
; Family                             ; Cyclone IV E                                ;
; Device                             ; EP4CE115F29C7                               ;
; Timing Models                      ; Final                                       ;
; Total logic elements               ; 2,823 / 114,480 ( 2 % )                     ;
;     Total combinational functions  ; 2,821 / 114,480 ( 2 % )                     ;
;     Dedicated logic registers      ; 55 / 114,480 ( < 1 % )                      ;
; Total registers                    ; 55                                          ;
; Total pins                         ; 253 / 529 ( 48 % )                          ;
; Total virtual pins                 ; 0                                           ;
; Total memory bits                  ; 0 / 3,981,312 ( 0 % )                       ;
; Embedded Multiplier 9-bit elements ; 0 / 532 ( 0 % )                             ;
; Total PLLs                         ; 0 / 4 ( 0 % )                               ;
+------------------------------------+---------------------------------------------+


+-----------------------------------------+
; Flow Settings                           ;
+-------------------+---------------------+
; Option            ; Setting             ;
+-------------------+---------------------+
; Start date & time ; 07/12/2023 15:50:39 ;
; Main task         ; Compilation         ;
; Revision Name     ; mips                ;
+-------------------+---------------------+


+------------------------------------------------------------------------------------------------------------------------------------+
; Flow Non-Default Global Settings                                                                                                   ;
+-------------------------------------+----------------------------------------+---------------+------------------------+------------+
; Assignment Name                     ; Value                                  ; Default Value ; Entity Name            ; Section Id ;
+-------------------------------------+----------------------------------------+---------------+------------------------+------------+
; COMPILER_SIGNATURE_ID               ; 10995770589190.168918783902688         ; --            ; --                     ; --         ;
; MAX_CORE_JUNCTION_TEMP              ; 85                                     ; --            ; --                     ; --         ;
; MIN_CORE_JUNCTION_TEMP              ; 0                                      ; --            ; --                     ; --         ;
; NOMINAL_CORE_SUPPLY_VOLTAGE         ; 1.2V                                   ; --            ; --                     ; --         ;
; PARTITION_COLOR                     ; -- (Not supported for targeted family) ; --            ; UnidadedeProcessamento ; Top        ;
; PARTITION_FITTER_PRESERVATION_LEVEL ; -- (Not supported for targeted family) ; --            ; UnidadedeProcessamento ; Top        ;
; PARTITION_NETLIST_TYPE              ; -- (Not supported for targeted family) ; --            ; UnidadedeProcessamento ; Top        ;
; PROJECT_OUTPUT_DIRECTORY            ; output_files                           ; --            ; --                     ; --         ;
; TOP_LEVEL_ENTITY                    ; UnidadedeProcessamento                 ; mips          ; --                     ; --         ;
+-------------------------------------+----------------------------------------+---------------+------------------------+------------+


+--------------------------------------------------------------------------------------------------------------------------+
; Flow Elapsed Time                                                                                                        ;
+----------------------+--------------+-------------------------+---------------------+------------------------------------+
; Module Name          ; Elapsed Time ; Average Processors Used ; Peak Virtual Memory ; Total CPU Time (on all processors) ;
+----------------------+--------------+-------------------------+---------------------+------------------------------------+
; Analysis & Synthesis ; 00:00:25     ; 1.0                     ; 4825 MB             ; 00:00:17                           ;
; Fitter               ; 00:00:51     ; 1.0                     ; 5779 MB             ; 00:00:18                           ;
; Assembler            ; 00:00:07     ; 1.0                     ; 4701 MB             ; 00:00:02                           ;
; Timing Analyzer      ; 00:00:08     ; 1.1                     ; 4876 MB             ; 00:00:03                           ;
; EDA Netlist Writer   ; 00:00:01     ; 1.0                     ; 4649 MB             ; 00:00:01                           ;
; EDA Netlist Writer   ; 00:00:01     ; 1.0                     ; 4649 MB             ; 00:00:01                           ;
; EDA Netlist Writer   ; 00:00:01     ; 1.0                     ; 4653 MB             ; 00:00:01                           ;
; EDA Netlist Writer   ; 00:00:02     ; 1.0                     ; 4665 MB             ; 00:00:01                           ;
; Total                ; 00:01:36     ; --                      ; --                  ; 00:00:44                           ;
+----------------------+--------------+-------------------------+---------------------+------------------------------------+


+------------------------------------------------------------------------------------+
; Flow OS Summary                                                                    ;
+----------------------+------------------+------------+------------+----------------+
; Module Name          ; Machine Hostname ; OS Name    ; OS Version ; Processor type ;
+----------------------+------------------+------------+------------+----------------+
; Analysis & Synthesis ; DESKTOP-PJK469H  ; Windows 10 ; 10.0       ; x86_64         ;
; Fitter               ; DESKTOP-PJK469H  ; Windows 10 ; 10.0       ; x86_64         ;
; Assembler            ; DESKTOP-PJK469H  ; Windows 10 ; 10.0       ; x86_64         ;
; Timing Analyzer      ; DESKTOP-PJK469H  ; Windows 10 ; 10.0       ; x86_64         ;
; EDA Netlist Writer   ; DESKTOP-PJK469H  ; Windows 10 ; 10.0       ; x86_64         ;
; EDA Netlist Writer   ; DESKTOP-PJK469H  ; Windows 10 ; 10.0       ; x86_64         ;
; EDA Netlist Writer   ; DESKTOP-PJK469H  ; Windows 10 ; 10.0       ; x86_64         ;
; EDA Netlist Writer   ; DESKTOP-PJK469H  ; Windows 10 ; 10.0       ; x86_64         ;
+----------------------+------------------+------------+------------+----------------+


------------
; Flow Log ;
------------
quartus_map --read_settings_files=on --write_settings_files=off mips -c mips
quartus_fit --read_settings_files=off --write_settings_files=off mips -c mips
quartus_asm --read_settings_files=off --write_settings_files=off mips -c mips
quartus_sta mips -c mips
quartus_eda --gen_testbench --tool=modelsim_oem --format=verilog --write_settings_files=off mips -c mips --vector_source=C:/Users/Usuario/Downloads/mips_restored/Wave_IO.vwf --testbench_file=C:/Users/Usuario/Downloads/mips_restored/simulation/qsim/Wave_IO.vwf.vt
quartus_eda --gen_testbench --tool=modelsim_oem --format=verilog --write_settings_files=off mips -c mips --vector_source=C:/Users/Usuario/Downloads/mips_restored/Wave_IO.vwf --testbench_file=C:/Users/Usuario/Downloads/mips_restored/simulation/qsim/Wave_IO.vwf.vt
quartus_eda --gen_testbench --tool=modelsim_oem --format=verilog --write_settings_files=off mips -c mips --vector_source=D:/Arquivos/Unifesp/5Periodo/LAB_AOC/Processador2/Mateus_Integrado_Finalizado_restored/Wave_IO.vwf --testbench_file=D:/Arquivos/Unifesp/5Periodo/LAB_AOC/Processador2/Mateus_Integrado_Finalizado_restored/simulation/qsim/Wave_IO.vwf.vt
quartus_eda --write_settings_files=off --simulation=on --functional=on --flatten_buses=off --tool=modelsim_oem --format=verilog --output_directory=D:/Arquivos/Unifesp/5Periodo/LAB_AOC/Processador2/Mateus_Integrado_Finalizado_restored/simulation/qsim/ mips -c mips



